@!@!@STARTMSG 2262:0 @!@!@
TLC2 Version 2.14 of 10 July 2019
@!@!@ENDMSG 2262 @!@!@
@!@!@STARTMSG 2187:0 @!@!@
Running breadth-first search Model-Checking with fp 106 and seed -5302246252933262435 with 6 workers on 12 cores with 592MB heap and 1330MB offheap memory [pid: 6236] (Windows 10 10.0 amd64, AdoptOpenJDK 11.0.3 x86_64, OffHeapDiskFPSet, DiskStateQueue).
@!@!@ENDMSG 2187 @!@!@
@!@!@STARTMSG 2220:0 @!@!@
Starting SANY...
@!@!@ENDMSG 2220 @!@!@
Parsing file D:\TLA+ Workspace\benor.toolbox\Model_1\MC.tla
Parsing file D:\TLA+ Workspace\benor.toolbox\Model_1\benor.tla
Parsing file D:\Programs\toolbox\plugins\org.lamport.tlatools_1.0.0.201907102009\tla2sany\StandardModules\TLC.tla
Parsing file D:\Programs\toolbox\plugins\org.lamport.tlatools_1.0.0.201907102009\tla2sany\StandardModules\Integers.tla
Parsing file D:\Programs\toolbox\plugins\org.lamport.tlatools_1.0.0.201907102009\tla2sany\StandardModules\Sequences.tla
Parsing file D:\Programs\toolbox\plugins\org.lamport.tlatools_1.0.0.201907102009\tla2sany\StandardModules\FiniteSets.tla
Parsing file D:\Programs\toolbox\plugins\org.lamport.tlatools_1.0.0.201907102009\tla2sany\StandardModules\Naturals.tla
Semantic processing of module Naturals
Semantic processing of module Integers
Semantic processing of module Sequences
Semantic processing of module FiniteSets
Semantic processing of module TLC
Semantic processing of module benor
Semantic processing of module MC
@!@!@STARTMSG 2219:0 @!@!@
SANY finished.
@!@!@ENDMSG 2219 @!@!@
@!@!@STARTMSG 2185:0 @!@!@
Starting... (2019-11-30 13:53:30)
@!@!@ENDMSG 2185 @!@!@
@!@!@STARTMSG 2189:0 @!@!@
Computing initial states...
@!@!@ENDMSG 2189 @!@!@
@!@!@STARTMSG 2190:0 @!@!@
Finished computing initial states: 1 distinct state generated at 2019-11-30 13:53:31.
@!@!@ENDMSG 2190 @!@!@
@!@!@STARTMSG 2110:1 @!@!@
Invariant MinorityReport is violated.
@!@!@ENDMSG 2110 @!@!@
@!@!@STARTMSG 2121:1 @!@!@
The behavior up to this point is:
@!@!@ENDMSG 2121 @!@!@
@!@!@STARTMSG 2217:4 @!@!@
1: <Initial predicate>
/\ input = <<0, 1, 1, 1>>
/\ decided = <<-1, -1, -1, -1>>
/\ p1v = <<0, 1, 1, 1>>
/\ p2v = <<-1, -1, -1, -1>>
/\ p2Msg = {}
/\ p1Msg = {}
/\ r = <<1, 1, 1, 1>>
/\ pc = <<"S", "S", "S", "S">>

@!@!@ENDMSG 2217 @!@!@
@!@!@STARTMSG 2217:4 @!@!@
2: <S line 120, col 12 to line 124, col 71 of module benor>
/\ input = <<0, 1, 1, 1>>
/\ decided = <<-1, -1, -1, -1>>
/\ p1v = <<0, 1, 1, 1>>
/\ p2v = <<-1, -1, -1, -1>>
/\ p2Msg = {}
/\ p1Msg = {}
/\ r = <<1, 1, 1, 1>>
/\ pc = <<"S", "PH1a", "S", "S">>

@!@!@ENDMSG 2217 @!@!@
@!@!@STARTMSG 2217:4 @!@!@
3: <S line 120, col 12 to line 124, col 71 of module benor>
/\ input = <<0, 1, 1, 1>>
/\ decided = <<-1, -1, -1, -1>>
/\ p1v = <<0, 1, 1, 1>>
/\ p2v = <<-1, -1, -1, -1>>
/\ p2Msg = {}
/\ p1Msg = {}
/\ r = <<1, 1, 1, 1>>
/\ pc = <<"PH1a", "PH1a", "S", "S">>

@!@!@ENDMSG 2217 @!@!@
@!@!@STARTMSG 2217:4 @!@!@
4: <PH1a line 126, col 15 to line 129, col 67 of module benor>
/\ input = <<0, 1, 1, 1>>
/\ decided = <<-1, -1, -1, -1>>
/\ p1v = <<0, 1, 1, 1>>
/\ p2v = <<-1, -1, -1, -1>>
/\ p2Msg = {}
/\ p1Msg = {[nodeid |-> 1, round |-> 1, value |-> 0]}
/\ r = <<1, 1, 1, 1>>
/\ pc = <<"PH1b", "PH1a", "S", "S">>

@!@!@ENDMSG 2217 @!@!@
@!@!@STARTMSG 2217:4 @!@!@
5: <PH1a line 126, col 15 to line 129, col 67 of module benor>
/\ input = <<0, 1, 1, 1>>
/\ decided = <<-1, -1, -1, -1>>
/\ p1v = <<0, 1, 1, 1>>
/\ p2v = <<-1, -1, -1, -1>>
/\ p2Msg = {}
/\ p1Msg = { [nodeid |-> 1, round |-> 1, value |-> 0],
  [nodeid |-> 2, round |-> 1, value |-> 1] }
/\ r = <<1, 1, 1, 1>>
/\ pc = <<"PH1b", "PH1b", "S", "S">>

@!@!@ENDMSG 2217 @!@!@
@!@!@STARTMSG 2217:4 @!@!@
6: <S line 120, col 12 to line 124, col 71 of module benor>
/\ input = <<0, 1, 1, 1>>
/\ decided = <<-1, -1, -1, -1>>
/\ p1v = <<0, 1, 1, 1>>
/\ p2v = <<-1, -1, -1, -1>>
/\ p2Msg = {}
/\ p1Msg = { [nodeid |-> 1, round |-> 1, value |-> 0],
  [nodeid |-> 2, round |-> 1, value |-> 1] }
/\ r = <<1, 1, 1, 1>>
/\ pc = <<"PH1b", "PH1b", "PH1a", "S">>

@!@!@ENDMSG 2217 @!@!@
@!@!@STARTMSG 2217:4 @!@!@
7: <PH1a line 126, col 15 to line 129, col 67 of module benor>
/\ input = <<0, 1, 1, 1>>
/\ decided = <<-1, -1, -1, -1>>
/\ p1v = <<0, 1, 1, 1>>
/\ p2v = <<-1, -1, -1, -1>>
/\ p2Msg = {}
/\ p1Msg = { [nodeid |-> 1, round |-> 1, value |-> 0],
  [nodeid |-> 2, round |-> 1, value |-> 1],
  [nodeid |-> 3, round |-> 1, value |-> 1] }
/\ r = <<1, 1, 1, 1>>
/\ pc = <<"PH1b", "PH1b", "PH1b", "S">>

@!@!@ENDMSG 2217 @!@!@
@!@!@STARTMSG 2217:4 @!@!@
8: <PH1b line 131, col 15 to line 139, col 67 of module benor>
/\ input = <<0, 1, 1, 1>>
/\ decided = <<-1, -1, -1, -1>>
/\ p1v = <<0, 1, 1, 1>>
/\ p2v = <<-1, -1, -1, -1>>
/\ p2Msg = {[nodeid |-> 1, round |-> 1, value |-> -1]}
/\ p1Msg = { [nodeid |-> 1, round |-> 1, value |-> 0],
  [nodeid |-> 2, round |-> 1, value |-> 1],
  [nodeid |-> 3, round |-> 1, value |-> 1] }
/\ r = <<1, 1, 1, 1>>
/\ pc = <<"PH2", "PH1b", "PH1b", "S">>

@!@!@ENDMSG 2217 @!@!@
@!@!@STARTMSG 2217:4 @!@!@
9: <PH1b line 131, col 15 to line 139, col 67 of module benor>
/\ input = <<0, 1, 1, 1>>
/\ decided = <<-1, -1, -1, -1>>
/\ p1v = <<0, 1, 1, 1>>
/\ p2v = <<-1, -1, -1, -1>>
/\ p2Msg = { [nodeid |-> 1, round |-> 1, value |-> -1],
  [nodeid |-> 2, round |-> 1, value |-> -1] }
/\ p1Msg = { [nodeid |-> 1, round |-> 1, value |-> 0],
  [nodeid |-> 2, round |-> 1, value |-> 1],
  [nodeid |-> 3, round |-> 1, value |-> 1] }
/\ r = <<1, 1, 1, 1>>
/\ pc = <<"PH2", "PH2", "PH1b", "S">>

@!@!@ENDMSG 2217 @!@!@
@!@!@STARTMSG 2217:4 @!@!@
10: <PH1b line 131, col 15 to line 139, col 67 of module benor>
/\ input = <<0, 1, 1, 1>>
/\ decided = <<-1, -1, -1, -1>>
/\ p1v = <<0, 1, 1, 1>>
/\ p2v = <<-1, -1, -1, -1>>
/\ p2Msg = { [nodeid |-> 1, round |-> 1, value |-> -1],
  [nodeid |-> 2, round |-> 1, value |-> -1],
  [nodeid |-> 3, round |-> 1, value |-> -1] }
/\ p1Msg = { [nodeid |-> 1, round |-> 1, value |-> 0],
  [nodeid |-> 2, round |-> 1, value |-> 1],
  [nodeid |-> 3, round |-> 1, value |-> 1] }
/\ r = <<1, 1, 1, 1>>
/\ pc = <<"PH2", "PH2", "PH2", "S">>

@!@!@ENDMSG 2217 @!@!@
@!@!@STARTMSG 2217:4 @!@!@
11: <PH2 line 141, col 14 to line 161, col 51 of module benor>
/\ input = <<0, 1, 1, 1>>
/\ decided = <<-1, -1, -1, -1>>
/\ p1v = <<0, 1, 1, 1>>
/\ p2v = <<0, -1, -1, -1>>
/\ p2Msg = { [nodeid |-> 1, round |-> 1, value |-> -1],
  [nodeid |-> 2, round |-> 1, value |-> -1],
  [nodeid |-> 3, round |-> 1, value |-> -1] }
/\ p1Msg = { [nodeid |-> 1, round |-> 1, value |-> 0],
  [nodeid |-> 2, round |-> 1, value |-> 1],
  [nodeid |-> 3, round |-> 1, value |-> 1] }
/\ r = <<2, 1, 1, 1>>
/\ pc = <<"S", "PH2", "PH2", "S">>

@!@!@ENDMSG 2217 @!@!@
@!@!@STARTMSG 2217:4 @!@!@
12: <S line 120, col 12 to line 124, col 71 of module benor>
/\ input = <<0, 1, 1, 1>>
/\ decided = <<-1, -1, -1, -1>>
/\ p1v = <<0, 1, 1, 1>>
/\ p2v = <<0, -1, -1, -1>>
/\ p2Msg = { [nodeid |-> 1, round |-> 1, value |-> -1],
  [nodeid |-> 2, round |-> 1, value |-> -1],
  [nodeid |-> 3, round |-> 1, value |-> -1] }
/\ p1Msg = { [nodeid |-> 1, round |-> 1, value |-> 0],
  [nodeid |-> 2, round |-> 1, value |-> 1],
  [nodeid |-> 3, round |-> 1, value |-> 1] }
/\ r = <<2, 1, 1, 1>>
/\ pc = <<"PH1a", "PH2", "PH2", "S">>

@!@!@ENDMSG 2217 @!@!@
@!@!@STARTMSG 2217:4 @!@!@
13: <PH1a line 126, col 15 to line 129, col 67 of module benor>
/\ input = <<0, 1, 1, 1>>
/\ decided = <<-1, -1, -1, -1>>
/\ p1v = <<0, 1, 1, 1>>
/\ p2v = <<0, -1, -1, -1>>
/\ p2Msg = { [nodeid |-> 1, round |-> 1, value |-> -1],
  [nodeid |-> 2, round |-> 1, value |-> -1],
  [nodeid |-> 3, round |-> 1, value |-> -1] }
/\ p1Msg = { [nodeid |-> 1, round |-> 1, value |-> 0],
  [nodeid |-> 1, round |-> 2, value |-> 0],
  [nodeid |-> 2, round |-> 1, value |-> 1],
  [nodeid |-> 3, round |-> 1, value |-> 1] }
/\ r = <<2, 1, 1, 1>>
/\ pc = <<"PH1b", "PH2", "PH2", "S">>

@!@!@ENDMSG 2217 @!@!@
@!@!@STARTMSG 2217:4 @!@!@
14: <PH2 line 141, col 14 to line 161, col 51 of module benor>
/\ input = <<0, 1, 1, 1>>
/\ decided = <<-1, -1, -1, -1>>
/\ p1v = <<0, 0, 1, 1>>
/\ p2v = <<0, 0, -1, -1>>
/\ p2Msg = { [nodeid |-> 1, round |-> 1, value |-> -1],
  [nodeid |-> 2, round |-> 1, value |-> -1],
  [nodeid |-> 3, round |-> 1, value |-> -1] }
/\ p1Msg = { [nodeid |-> 1, round |-> 1, value |-> 0],
  [nodeid |-> 1, round |-> 2, value |-> 0],
  [nodeid |-> 2, round |-> 1, value |-> 1],
  [nodeid |-> 3, round |-> 1, value |-> 1] }
/\ r = <<2, 2, 1, 1>>
/\ pc = <<"PH1b", "S", "PH2", "S">>

@!@!@ENDMSG 2217 @!@!@
@!@!@STARTMSG 2217:4 @!@!@
15: <S line 120, col 12 to line 124, col 71 of module benor>
/\ input = <<0, 1, 1, 1>>
/\ decided = <<-1, -1, -1, -1>>
/\ p1v = <<0, 0, 1, 1>>
/\ p2v = <<0, 0, -1, -1>>
/\ p2Msg = { [nodeid |-> 1, round |-> 1, value |-> -1],
  [nodeid |-> 2, round |-> 1, value |-> -1],
  [nodeid |-> 3, round |-> 1, value |-> -1] }
/\ p1Msg = { [nodeid |-> 1, round |-> 1, value |-> 0],
  [nodeid |-> 1, round |-> 2, value |-> 0],
  [nodeid |-> 2, round |-> 1, value |-> 1],
  [nodeid |-> 3, round |-> 1, value |-> 1] }
/\ r = <<2, 2, 1, 1>>
/\ pc = <<"PH1b", "PH1a", "PH2", "S">>

@!@!@ENDMSG 2217 @!@!@
@!@!@STARTMSG 2217:4 @!@!@
16: <PH1a line 126, col 15 to line 129, col 67 of module benor>
/\ input = <<0, 1, 1, 1>>
/\ decided = <<-1, -1, -1, -1>>
/\ p1v = <<0, 0, 1, 1>>
/\ p2v = <<0, 0, -1, -1>>
/\ p2Msg = { [nodeid |-> 1, round |-> 1, value |-> -1],
  [nodeid |-> 2, round |-> 1, value |-> -1],
  [nodeid |-> 3, round |-> 1, value |-> -1] }
/\ p1Msg = { [nodeid |-> 1, round |-> 1, value |-> 0],
  [nodeid |-> 1, round |-> 2, value |-> 0],
  [nodeid |-> 2, round |-> 1, value |-> 1],
  [nodeid |-> 2, round |-> 2, value |-> 0],
  [nodeid |-> 3, round |-> 1, value |-> 1] }
/\ r = <<2, 2, 1, 1>>
/\ pc = <<"PH1b", "PH1b", "PH2", "S">>

@!@!@ENDMSG 2217 @!@!@
@!@!@STARTMSG 2217:4 @!@!@
17: <PH2 line 141, col 14 to line 161, col 51 of module benor>
/\ input = <<0, 1, 1, 1>>
/\ decided = <<-1, -1, -1, -1>>
/\ p1v = <<0, 0, 0, 1>>
/\ p2v = <<0, 0, 0, -1>>
/\ p2Msg = { [nodeid |-> 1, round |-> 1, value |-> -1],
  [nodeid |-> 2, round |-> 1, value |-> -1],
  [nodeid |-> 3, round |-> 1, value |-> -1] }
/\ p1Msg = { [nodeid |-> 1, round |-> 1, value |-> 0],
  [nodeid |-> 1, round |-> 2, value |-> 0],
  [nodeid |-> 2, round |-> 1, value |-> 1],
  [nodeid |-> 2, round |-> 2, value |-> 0],
  [nodeid |-> 3, round |-> 1, value |-> 1] }
/\ r = <<2, 2, 2, 1>>
/\ pc = <<"PH1b", "PH1b", "S", "S">>

@!@!@ENDMSG 2217 @!@!@
@!@!@STARTMSG 2217:4 @!@!@
18: <S line 120, col 12 to line 124, col 71 of module benor>
/\ input = <<0, 1, 1, 1>>
/\ decided = <<-1, -1, -1, -1>>
/\ p1v = <<0, 0, 0, 1>>
/\ p2v = <<0, 0, 0, -1>>
/\ p2Msg = { [nodeid |-> 1, round |-> 1, value |-> -1],
  [nodeid |-> 2, round |-> 1, value |-> -1],
  [nodeid |-> 3, round |-> 1, value |-> -1] }
/\ p1Msg = { [nodeid |-> 1, round |-> 1, value |-> 0],
  [nodeid |-> 1, round |-> 2, value |-> 0],
  [nodeid |-> 2, round |-> 1, value |-> 1],
  [nodeid |-> 2, round |-> 2, value |-> 0],
  [nodeid |-> 3, round |-> 1, value |-> 1] }
/\ r = <<2, 2, 2, 1>>
/\ pc = <<"PH1b", "PH1b", "PH1a", "S">>

@!@!@ENDMSG 2217 @!@!@
@!@!@STARTMSG 2217:4 @!@!@
19: <PH1a line 126, col 15 to line 129, col 67 of module benor>
/\ input = <<0, 1, 1, 1>>
/\ decided = <<-1, -1, -1, -1>>
/\ p1v = <<0, 0, 0, 1>>
/\ p2v = <<0, 0, 0, -1>>
/\ p2Msg = { [nodeid |-> 1, round |-> 1, value |-> -1],
  [nodeid |-> 2, round |-> 1, value |-> -1],
  [nodeid |-> 3, round |-> 1, value |-> -1] }
/\ p1Msg = { [nodeid |-> 1, round |-> 1, value |-> 0],
  [nodeid |-> 1, round |-> 2, value |-> 0],
  [nodeid |-> 2, round |-> 1, value |-> 1],
  [nodeid |-> 2, round |-> 2, value |-> 0],
  [nodeid |-> 3, round |-> 1, value |-> 1],
  [nodeid |-> 3, round |-> 2, value |-> 0] }
/\ r = <<2, 2, 2, 1>>
/\ pc = <<"PH1b", "PH1b", "PH1b", "S">>

@!@!@ENDMSG 2217 @!@!@
@!@!@STARTMSG 2217:4 @!@!@
20: <PH1b line 131, col 15 to line 139, col 67 of module benor>
/\ input = <<0, 1, 1, 1>>
/\ decided = <<-1, -1, -1, -1>>
/\ p1v = <<0, 0, 0, 1>>
/\ p2v = <<0, 0, 0, -1>>
/\ p2Msg = { [nodeid |-> 1, round |-> 1, value |-> -1],
  [nodeid |-> 1, round |-> 2, value |-> 0],
  [nodeid |-> 2, round |-> 1, value |-> -1],
  [nodeid |-> 3, round |-> 1, value |-> -1] }
/\ p1Msg = { [nodeid |-> 1, round |-> 1, value |-> 0],
  [nodeid |-> 1, round |-> 2, value |-> 0],
  [nodeid |-> 2, round |-> 1, value |-> 1],
  [nodeid |-> 2, round |-> 2, value |-> 0],
  [nodeid |-> 3, round |-> 1, value |-> 1],
  [nodeid |-> 3, round |-> 2, value |-> 0] }
/\ r = <<2, 2, 2, 1>>
/\ pc = <<"PH2", "PH1b", "PH1b", "S">>

@!@!@ENDMSG 2217 @!@!@
@!@!@STARTMSG 2217:4 @!@!@
21: <PH1b line 131, col 15 to line 139, col 67 of module benor>
/\ input = <<0, 1, 1, 1>>
/\ decided = <<-1, -1, -1, -1>>
/\ p1v = <<0, 0, 0, 1>>
/\ p2v = <<0, 0, 0, -1>>
/\ p2Msg = { [nodeid |-> 1, round |-> 1, value |-> -1],
  [nodeid |-> 1, round |-> 2, value |-> 0],
  [nodeid |-> 2, round |-> 1, value |-> -1],
  [nodeid |-> 2, round |-> 2, value |-> 0],
  [nodeid |-> 3, round |-> 1, value |-> -1] }
/\ p1Msg = { [nodeid |-> 1, round |-> 1, value |-> 0],
  [nodeid |-> 1, round |-> 2, value |-> 0],
  [nodeid |-> 2, round |-> 1, value |-> 1],
  [nodeid |-> 2, round |-> 2, value |-> 0],
  [nodeid |-> 3, round |-> 1, value |-> 1],
  [nodeid |-> 3, round |-> 2, value |-> 0] }
/\ r = <<2, 2, 2, 1>>
/\ pc = <<"PH2", "PH2", "PH1b", "S">>

@!@!@ENDMSG 2217 @!@!@
@!@!@STARTMSG 2217:4 @!@!@
22: <PH1b line 131, col 15 to line 139, col 67 of module benor>
/\ input = <<0, 1, 1, 1>>
/\ decided = <<-1, -1, -1, -1>>
/\ p1v = <<0, 0, 0, 1>>
/\ p2v = <<0, 0, 0, -1>>
/\ p2Msg = { [nodeid |-> 1, round |-> 1, value |-> -1],
  [nodeid |-> 1, round |-> 2, value |-> 0],
  [nodeid |-> 2, round |-> 1, value |-> -1],
  [nodeid |-> 2, round |-> 2, value |-> 0],
  [nodeid |-> 3, round |-> 1, value |-> -1],
  [nodeid |-> 3, round |-> 2, value |-> 0] }
/\ p1Msg = { [nodeid |-> 1, round |-> 1, value |-> 0],
  [nodeid |-> 1, round |-> 2, value |-> 0],
  [nodeid |-> 2, round |-> 1, value |-> 1],
  [nodeid |-> 2, round |-> 2, value |-> 0],
  [nodeid |-> 3, round |-> 1, value |-> 1],
  [nodeid |-> 3, round |-> 2, value |-> 0] }
/\ r = <<2, 2, 2, 1>>
/\ pc = <<"PH2", "PH2", "PH2", "S">>

@!@!@ENDMSG 2217 @!@!@
@!@!@STARTMSG 2217:4 @!@!@
23: <PH2 line 141, col 14 to line 161, col 51 of module benor>
/\ input = <<0, 1, 1, 1>>
/\ decided = <<0, -1, -1, -1>>
/\ p1v = <<0, 0, 0, 1>>
/\ p2v = <<0, 0, 0, -1>>
/\ p2Msg = { [nodeid |-> 1, round |-> 1, value |-> -1],
  [nodeid |-> 1, round |-> 2, value |-> 0],
  [nodeid |-> 2, round |-> 1, value |-> -1],
  [nodeid |-> 2, round |-> 2, value |-> 0],
  [nodeid |-> 3, round |-> 1, value |-> -1],
  [nodeid |-> 3, round |-> 2, value |-> 0] }
/\ p1Msg = { [nodeid |-> 1, round |-> 1, value |-> 0],
  [nodeid |-> 1, round |-> 2, value |-> 0],
  [nodeid |-> 2, round |-> 1, value |-> 1],
  [nodeid |-> 2, round |-> 2, value |-> 0],
  [nodeid |-> 3, round |-> 1, value |-> 1],
  [nodeid |-> 3, round |-> 2, value |-> 0] }
/\ r = <<3, 2, 2, 1>>
/\ pc = <<"S", "PH2", "PH2", "S">>

@!@!@ENDMSG 2217 @!@!@
@!@!@STARTMSG 2201:0 @!@!@
The coverage statistics at 2019-11-30 13:53:32
@!@!@ENDMSG 2201 @!@!@
@!@!@STARTMSG 2773:0 @!@!@
<Init line 109, col 1 to line 109, col 4 of module benor>: 2:2
@!@!@ENDMSG 2773 @!@!@
@!@!@STARTMSG 2221:0 @!@!@
  line 110, col 9 to line 118, col 42 of module benor: 2
@!@!@ENDMSG 2221 @!@!@
@!@!@STARTMSG 2772:0 @!@!@
<S line 120, col 1 to line 120, col 7 of module benor>: 5843:17880
@!@!@ENDMSG 2772 @!@!@
@!@!@STARTMSG 2221:0 @!@!@
  line 120, col 15 to line 120, col 28 of module benor: 77498
@!@!@ENDMSG 2221 @!@!@
@!@!@STARTMSG 2221:0 @!@!@
  |line 120, col 15 to line 120, col 22 of module benor: 59618
@!@!@ENDMSG 2221 @!@!@
@!@!@STARTMSG 2221:0 @!@!@
  line 121, col 18 to line 121, col 58 of module benor: 17880
@!@!@ENDMSG 2221 @!@!@
@!@!@STARTMSG 2221:0 @!@!@
  |line 121, col 18 to line 121, col 36 of module benor: 17880
@!@!@ENDMSG 2221 @!@!@
@!@!@STARTMSG 2221:0 @!@!@
  |line 121, col 41 to line 121, col 58 of module benor: 17859
@!@!@ENDMSG 2221 @!@!@
@!@!@STARTMSG 2221:0 @!@!@
  line 122, col 23 to line 122, col 59 of module benor: 12309
@!@!@ENDMSG 2221 @!@!@
@!@!@STARTMSG 2221:0 @!@!@
  line 123, col 23 to line 123, col 59 of module benor: 5571
@!@!@ENDMSG 2221 @!@!@
@!@!@STARTMSG 2221:0 @!@!@
  line 124, col 15 to line 124, col 71 of module benor: 17880
@!@!@ENDMSG 2221 @!@!@
@!@!@STARTMSG 2772:0 @!@!@
<PH1a line 126, col 1 to line 126, col 10 of module benor>: 3961:11965
@!@!@ENDMSG 2772 @!@!@
@!@!@STARTMSG 2221:0 @!@!@
  line 126, col 18 to line 126, col 34 of module benor: 71577
@!@!@ENDMSG 2221 @!@!@
@!@!@STARTMSG 2221:0 @!@!@
  |line 126, col 18 to line 126, col 25 of module benor: 59612
@!@!@ENDMSG 2221 @!@!@
@!@!@STARTMSG 2221:0 @!@!@
  line 127, col 18 to line 127, col 100 of module benor: 11965
@!@!@ENDMSG 2221 @!@!@
@!@!@STARTMSG 2221:0 @!@!@
  line 128, col 18 to line 128, col 51 of module benor: 11965
@!@!@ENDMSG 2221 @!@!@
@!@!@STARTMSG 2221:0 @!@!@
  line 129, col 18 to line 129, col 67 of module benor: 11965
@!@!@ENDMSG 2221 @!@!@
@!@!@STARTMSG 2772:0 @!@!@
<PH1b line 131, col 1 to line 131, col 10 of module benor>: 1863:3725
@!@!@ENDMSG 2772 @!@!@
@!@!@STARTMSG 2221:0 @!@!@
  line 131, col 18 to line 131, col 34 of module benor: 63331
@!@!@ENDMSG 2221 @!@!@
@!@!@STARTMSG 2221:0 @!@!@
  |line 131, col 18 to line 131, col 25 of module benor: 59606
@!@!@ENDMSG 2221 @!@!@
@!@!@STARTMSG 2221:0 @!@!@
  line 132, col 18 to line 132, col 71 of module benor: 3725
@!@!@ENDMSG 2221 @!@!@
@!@!@STARTMSG 2221:0 @!@!@
  |line 132, col 18 to line 132, col 64 of module benor: 13230
@!@!@ENDMSG 2221 @!@!@
@!@!@STARTMSG 2221:0 @!@!@
  ||line 132, col 30 to line 132, col 63 of module benor: 13230
@!@!@ENDMSG 2221 @!@!@
@!@!@STARTMSG 2221:0 @!@!@
  |||line 132, col 46 to line 132, col 62 of module benor: 69109
@!@!@ENDMSG 2221 @!@!@
@!@!@STARTMSG 2221:0 @!@!@
  |||line 132, col 39 to line 132, col 43 of module benor: 13230
@!@!@ENDMSG 2221 @!@!@
@!@!@STARTMSG 2221:0 @!@!@
  |line 132, col 69 to line 132, col 71 of module benor: 13230
@!@!@ENDMSG 2221 @!@!@
@!@!@STARTMSG 2221:0 @!@!@
  line 133, col 21 to line 133, col 97 of module benor: 3725
@!@!@ENDMSG 2221 @!@!@
@!@!@STARTMSG 2221:0 @!@!@
  |line 133, col 21 to line 133, col 86 of module benor: 3725
@!@!@ENDMSG 2221 @!@!@
@!@!@STARTMSG 2221:0 @!@!@
  ||line 133, col 33 to line 133, col 85 of module benor: 3725
@!@!@ENDMSG 2221 @!@!@
@!@!@STARTMSG 2221:0 @!@!@
  |||line 133, col 49 to line 133, col 84 of module benor: 19643
@!@!@ENDMSG 2221 @!@!@
@!@!@STARTMSG 2221:0 @!@!@
  ||||line 133, col 50 to line 133, col 60 of module benor: 19643
@!@!@ENDMSG 2221 @!@!@
@!@!@STARTMSG 2221:0 @!@!@
  ||||line 133, col 67 to line 133, col 83 of module benor: 5739
@!@!@ENDMSG 2221 @!@!@
@!@!@STARTMSG 2221:0 @!@!@
  |||line 133, col 42 to line 133, col 46 of module benor: 3725
@!@!@ENDMSG 2221 @!@!@
@!@!@STARTMSG 2221:0 @!@!@
  |line 133, col 90 to line 133, col 97 of module benor: 3725
@!@!@ENDMSG 2221 @!@!@
@!@!@STARTMSG 2221:0 @!@!@
  line 134, col 26 to line 134, col 103 of module benor: 111
@!@!@ENDMSG 2221 @!@!@
@!@!@STARTMSG 2221:0 @!@!@
  line 135, col 32 to line 135, col 108 of module benor: 3614
@!@!@ENDMSG 2221 @!@!@
@!@!@STARTMSG 2221:0 @!@!@
  |line 135, col 32 to line 135, col 97 of module benor: 3614
@!@!@ENDMSG 2221 @!@!@
@!@!@STARTMSG 2221:0 @!@!@
  ||line 135, col 44 to line 135, col 96 of module benor: 3614
@!@!@ENDMSG 2221 @!@!@
@!@!@STARTMSG 2221:0 @!@!@
  |||line 135, col 60 to line 135, col 95 of module benor: 18941
@!@!@ENDMSG 2221 @!@!@
@!@!@STARTMSG 2221:0 @!@!@
  ||||line 135, col 61 to line 135, col 71 of module benor: 18941
@!@!@ENDMSG 2221 @!@!@
@!@!@STARTMSG 2221:0 @!@!@
  ||||line 135, col 78 to line 135, col 94 of module benor: 13646
@!@!@ENDMSG 2221 @!@!@
@!@!@STARTMSG 2221:0 @!@!@
  |||line 135, col 53 to line 135, col 57 of module benor: 3614
@!@!@ENDMSG 2221 @!@!@
@!@!@STARTMSG 2221:0 @!@!@
  |line 135, col 101 to line 135, col 108 of module benor: 3614
@!@!@ENDMSG 2221 @!@!@
@!@!@STARTMSG 2221:0 @!@!@
  line 136, col 37 to line 136, col 114 of module benor: 2758
@!@!@ENDMSG 2221 @!@!@
@!@!@STARTMSG 2221:0 @!@!@
  line 137, col 37 to line 137, col 115 of module benor: 856
@!@!@ENDMSG 2221 @!@!@
@!@!@STARTMSG 2221:0 @!@!@
  line 138, col 18 to line 138, col 50 of module benor: 3725
@!@!@ENDMSG 2221 @!@!@
@!@!@STARTMSG 2221:0 @!@!@
  line 139, col 18 to line 139, col 67 of module benor: 3725
@!@!@ENDMSG 2221 @!@!@
@!@!@STARTMSG 2772:0 @!@!@
<PH2 line 141, col 1 to line 141, col 9 of module benor>: 4055:11781
@!@!@ENDMSG 2772 @!@!@
@!@!@STARTMSG 2221:0 @!@!@
  line 141, col 17 to line 141, col 32 of module benor: 69974
@!@!@ENDMSG 2221 @!@!@
@!@!@STARTMSG 2221:0 @!@!@
  |line 141, col 17 to line 141, col 24 of module benor: 59600
@!@!@ENDMSG 2221 @!@!@
@!@!@STARTMSG 2221:0 @!@!@
  line 142, col 17 to line 142, col 70 of module benor: 10374
@!@!@ENDMSG 2221 @!@!@
@!@!@STARTMSG 2221:0 @!@!@
  |line 142, col 17 to line 142, col 63 of module benor: 11089
@!@!@ENDMSG 2221 @!@!@
@!@!@STARTMSG 2221:0 @!@!@
  ||line 142, col 29 to line 142, col 62 of module benor: 11089
@!@!@ENDMSG 2221 @!@!@
@!@!@STARTMSG 2221:0 @!@!@
  |||line 142, col 45 to line 142, col 61 of module benor: 42221
@!@!@ENDMSG 2221 @!@!@
@!@!@STARTMSG 2221:0 @!@!@
  |||line 142, col 38 to line 142, col 42 of module benor: 11089
@!@!@ENDMSG 2221 @!@!@
@!@!@STARTMSG 2221:0 @!@!@
  |line 142, col 68 to line 142, col 70 of module benor: 11089
@!@!@ENDMSG 2221 @!@!@
@!@!@STARTMSG 2221:0 @!@!@
  line 143, col 20 to line 143, col 92 of module benor: 10374
@!@!@ENDMSG 2221 @!@!@
@!@!@STARTMSG 2221:0 @!@!@
  |line 143, col 20 to line 143, col 85 of module benor: 10374
@!@!@ENDMSG 2221 @!@!@
@!@!@STARTMSG 2221:0 @!@!@
  ||line 143, col 32 to line 143, col 84 of module benor: 10374
@!@!@ENDMSG 2221 @!@!@
@!@!@STARTMSG 2221:0 @!@!@
  |||line 143, col 48 to line 143, col 83 of module benor: 39325
@!@!@ENDMSG 2221 @!@!@
@!@!@STARTMSG 2221:0 @!@!@
  ||||line 143, col 49 to line 143, col 59 of module benor: 39325
@!@!@ENDMSG 2221 @!@!@
@!@!@STARTMSG 2221:0 @!@!@
  ||||line 143, col 66 to line 143, col 82 of module benor: 12
@!@!@ENDMSG 2221 @!@!@
@!@!@STARTMSG 2221:0 @!@!@
  |||line 143, col 41 to line 143, col 45 of module benor: 10374
@!@!@ENDMSG 2221 @!@!@
@!@!@STARTMSG 2221:0 @!@!@
  |line 143, col 90 to line 143, col 92 of module benor: 10374
@!@!@ENDMSG 2221 @!@!@
@!@!@STARTMSG 2221:0 @!@!@
  line 144, col 28 to line 144, col 66 of module benor: 4
@!@!@ENDMSG 2221 @!@!@
@!@!@STARTMSG 2221:0 @!@!@
  line 145, col 28 to line 145, col 51 of module benor: 4
@!@!@ENDMSG 2221 @!@!@
@!@!@STARTMSG 2221:0 @!@!@
  line 146, col 31 to line 146, col 103 of module benor: 10370
@!@!@ENDMSG 2221 @!@!@
@!@!@STARTMSG 2221:0 @!@!@
  |line 146, col 31 to line 146, col 96 of module benor: 10370
@!@!@ENDMSG 2221 @!@!@
@!@!@STARTMSG 2221:0 @!@!@
  ||line 146, col 43 to line 146, col 95 of module benor: 10370
@!@!@ENDMSG 2221 @!@!@
@!@!@STARTMSG 2221:0 @!@!@
  |||line 146, col 59 to line 146, col 94 of module benor: 39301
@!@!@ENDMSG 2221 @!@!@
@!@!@STARTMSG 2221:0 @!@!@
  ||||line 146, col 60 to line 146, col 70 of module benor: 39301
@!@!@ENDMSG 2221 @!@!@
@!@!@STARTMSG 2221:0 @!@!@
  ||||line 146, col 77 to line 146, col 93 of module benor: 15371
@!@!@ENDMSG 2221 @!@!@
@!@!@STARTMSG 2221:0 @!@!@
  |||line 146, col 52 to line 146, col 56 of module benor: 10370
@!@!@ENDMSG 2221 @!@!@
@!@!@STARTMSG 2221:0 @!@!@
  |line 146, col 101 to line 146, col 103 of module benor: 10370
@!@!@ENDMSG 2221 @!@!@
@!@!@STARTMSG 2221:0 @!@!@
  line 147, col 39 to line 147, col 77 of module benor: 5577
@!@!@ENDMSG 2221 @!@!@
@!@!@STARTMSG 2221:0 @!@!@
  line 148, col 39 to line 148, col 62 of module benor: 5577
@!@!@ENDMSG 2221 @!@!@
@!@!@STARTMSG 2221:0 @!@!@
  line 149, col 42 to line 149, col 112 of module benor: 4793
@!@!@ENDMSG 2221 @!@!@
@!@!@STARTMSG 2221:0 @!@!@
  |line 149, col 42 to line 149, col 107 of module benor: 4793
@!@!@ENDMSG 2221 @!@!@
@!@!@STARTMSG 2221:0 @!@!@
  ||line 149, col 54 to line 149, col 106 of module benor: 4793
@!@!@ENDMSG 2221 @!@!@
@!@!@STARTMSG 2221:0 @!@!@
  |||line 149, col 70 to line 149, col 105 of module benor: 17449
@!@!@ENDMSG 2221 @!@!@
@!@!@STARTMSG 2221:0 @!@!@
  |||line 149, col 63 to line 149, col 67 of module benor: 4793
@!@!@ENDMSG 2221 @!@!@
@!@!@STARTMSG 2221:0 @!@!@
  line 150, col 50 to line 150, col 80 of module benor: 0
@!@!@ENDMSG 2221 @!@!@
@!@!@STARTMSG 2221:0 @!@!@
  line 151, col 50 to line 151, col 89 of module benor: 0
@!@!@ENDMSG 2221 @!@!@
@!@!@STARTMSG 2221:0 @!@!@
  line 152, col 53 to line 152, col 123 of module benor: 4793
@!@!@ENDMSG 2221 @!@!@
@!@!@STARTMSG 2221:0 @!@!@
  |line 152, col 53 to line 152, col 118 of module benor: 4793
@!@!@ENDMSG 2221 @!@!@
@!@!@STARTMSG 2221:0 @!@!@
  ||line 152, col 65 to line 152, col 117 of module benor: 4793
@!@!@ENDMSG 2221 @!@!@
@!@!@STARTMSG 2221:0 @!@!@
  |||line 152, col 81 to line 152, col 116 of module benor: 17449
@!@!@ENDMSG 2221 @!@!@
@!@!@STARTMSG 2221:0 @!@!@
  ||||line 152, col 82 to line 152, col 92 of module benor: 17449
@!@!@ENDMSG 2221 @!@!@
@!@!@STARTMSG 2221:0 @!@!@
  ||||line 152, col 99 to line 152, col 115 of module benor: 3392
@!@!@ENDMSG 2221 @!@!@
@!@!@STARTMSG 2221:0 @!@!@
  |||line 152, col 74 to line 152, col 78 of module benor: 4793
@!@!@ENDMSG 2221 @!@!@
@!@!@STARTMSG 2221:0 @!@!@
  line 153, col 58 to line 154, col 100 of module benor: 3386
@!@!@ENDMSG 2221 @!@!@
@!@!@STARTMSG 2221:0 @!@!@
  line 156, col 63 to line 157, col 105 of module benor: 2814
@!@!@ENDMSG 2221 @!@!@
@!@!@STARTMSG 2775:0 @!@!@
  line 155, col 70 to line 155, col 74 of module benor: 1407:4221
@!@!@ENDMSG 2775 @!@!@
@!@!@STARTMSG 2221:0 @!@!@
  line 158, col 39 to line 158, col 55 of module benor: 6200
@!@!@ENDMSG 2221 @!@!@
@!@!@STARTMSG 2221:0 @!@!@
  line 159, col 17 to line 159, col 51 of module benor: 11781
@!@!@ENDMSG 2221 @!@!@
@!@!@STARTMSG 2221:0 @!@!@
  line 160, col 17 to line 160, col 47 of module benor: 11781
@!@!@ENDMSG 2221 @!@!@
@!@!@STARTMSG 2221:0 @!@!@
  line 161, col 17 to line 161, col 51 of module benor: 11781
@!@!@ENDMSG 2221 @!@!@
@!@!@STARTMSG 2772:0 @!@!@
<Terminating line 166, col 1 to line 166, col 11 of module benor>: 0:11
@!@!@ENDMSG 2772 @!@!@
@!@!@STARTMSG 2221:0 @!@!@
  line 166, col 40 to line 166, col 56 of module benor: 16613
@!@!@ENDMSG 2221 @!@!@
@!@!@STARTMSG 2221:0 @!@!@
  |line 166, col 40 to line 166, col 47 of module benor: 16569
@!@!@ENDMSG 2221 @!@!@
@!@!@STARTMSG 2221:0 @!@!@
  line 166, col 31 to line 166, col 37 of module benor: 14893
@!@!@ENDMSG 2221 @!@!@
@!@!@STARTMSG 2221:0 @!@!@
  line 167, col 19 to line 167, col 32 of module benor: 11
@!@!@ENDMSG 2221 @!@!@
@!@!@STARTMSG 2774:0 @!@!@
<MinorityReport line 186, col 1 to line 186, col 14 of module benor>
@!@!@ENDMSG 2774 @!@!@
@!@!@STARTMSG 2221:0 @!@!@
  line 186, col 20 to line 186, col 49 of module benor: 15723
@!@!@ENDMSG 2221 @!@!@
@!@!@STARTMSG 2221:0 @!@!@
  |line 186, col 36 to line 186, col 49 of module benor: 62883
@!@!@ENDMSG 2221 @!@!@
@!@!@STARTMSG 2221:0 @!@!@
  |line 186, col 29 to line 186, col 33 of module benor: 15723
@!@!@ENDMSG 2221 @!@!@
@!@!@STARTMSG 2202:0 @!@!@
End of statistics.
@!@!@ENDMSG 2202 @!@!@
@!@!@STARTMSG 2200:0 @!@!@
Progress(24) at 2019-11-30 13:53:32: 45,337 states generated (945,505 s/min), 15,723 distinct states found (327,904 ds/min), 824 states left on queue.
@!@!@ENDMSG 2200 @!@!@
@!@!@STARTMSG 2199:0 @!@!@
45337 states generated, 15723 distinct states found, 824 states left on queue.
@!@!@ENDMSG 2199 @!@!@
@!@!@STARTMSG 2194:0 @!@!@
The depth of the complete state graph search is 24.
@!@!@ENDMSG 2194 @!@!@
@!@!@STARTMSG 2268:0 @!@!@
The average outdegree of the complete state graph is 1 (minimum is 0, the maximum 7 and the 95th percentile is 3).
@!@!@ENDMSG 2268 @!@!@
@!@!@STARTMSG 2186:0 @!@!@
Finished in 2930ms at (2019-11-30 13:53:32)
@!@!@ENDMSG 2186 @!@!@
